2013/07/09 20:11:48 [error] [exception.CHttpException.400] exception 'CHttpException' with message 'Your request is invalid.' in /app/framework/web/CController.php:336
Stack trace:
#0 /app/framework/web/CController.php(309): CController->invalidActionParams(Object(CInlineAction))
#1 /app/framework/web/CController.php(286): CController->runAction(Object(CInlineAction))
#2 /app/framework/web/CController.php(265): CController->runActionWithFilters(Object(CInlineAction), Array)
#3 /app/framework/web/CWebApplication.php(282): CController->run('')
#4 /app/framework/web/CWebApplication.php(141): CWebApplication->runController('signup/')
#5 /app/framework/base/CApplication.php(169): CWebApplication->processRequest()
#6 /app/email/index.php(13): CApplication->run()
#7 {main}
REQUEST_URI=/index.php?r=signup/
---
2013/07/09 20:11:48 [error] [exception.CHttpException.400] exception 'CHttpException' with message 'Your request is invalid.' in /app/framework/web/CController.php:336
Stack trace:
#0 /app/framework/web/CController.php(309): CController->invalidActionParams(Object(CInlineAction))
#1 /app/framework/web/CController.php(286): CController->runAction(Object(CInlineAction))
#2 /app/framework/web/CController.php(265): CController->runActionWithFilters(Object(CInlineAction), Array)
#3 /app/framework/web/CWebApplication.php(282): CController->run('')
#4 /app/framework/web/CWebApplication.php(141): CWebApplication->runController('signup/')
#5 /app/framework/base/CApplication.php(169): CWebApplication->processRequest()
#6 /app/email/index.php(13): CApplication->run()
#7 {main}
REQUEST_URI=/index.php?r=signup/
---
2013/07/09 20:11:48 [error] [exception.CHttpException.400] exception 'CHttpException' with message 'Your request is invalid.' in /app/framework/web/CController.php:336
Stack trace:
#0 /app/framework/web/CController.php(309): CController->invalidActionParams(Object(CInlineAction))
#1 /app/framework/web/CController.php(286): CController->runAction(Object(CInlineAction))
#2 /app/framework/web/CController.php(265): CController->runActionWithFilters(Object(CInlineAction), Array)
#3 /app/framework/web/CWebApplication.php(282): CController->run('')
#4 /app/framework/web/CWebApplication.php(141): CWebApplication->runController('signup/')
#5 /app/framework/base/CApplication.php(169): CWebApplication->processRequest()
#6 /app/email/index.php(13): CApplication->run()
#7 {main}
REQUEST_URI=/index.php?r=signup/
---
2013/07/09 20:12:01 [error] [exception.CHttpException.400] exception 'CHttpException' with message 'Your request is invalid.' in /app/framework/web/CController.php:336
Stack trace:
#0 /app/framework/web/CController.php(309): CController->invalidActionParams(Object(CInlineAction))
#1 /app/framework/web/CController.php(286): CController->runAction(Object(CInlineAction))
#2 /app/framework/web/CController.php(265): CController->runActionWithFilters(Object(CInlineAction), Array)
#3 /app/framework/web/CWebApplication.php(282): CController->run('')
#4 /app/framework/web/CWebApplication.php(141): CWebApplication->runController('signup/')
#5 /app/framework/base/CApplication.php(169): CWebApplication->processRequest()
#6 /app/email/index.php(13): CApplication->run()
#7 {main}
REQUEST_URI=/index.php?r=signup/
---
2013/07/09 20:12:02 [error] [exception.CHttpException.400] exception 'CHttpException' with message 'Your request is invalid.' in /app/framework/web/CController.php:336
Stack trace:
#0 /app/framework/web/CController.php(309): CController->invalidActionParams(Object(CInlineAction))
#1 /app/framework/web/CController.php(286): CController->runAction(Object(CInlineAction))
#2 /app/framework/web/CController.php(265): CController->runActionWithFilters(Object(CInlineAction), Array)
#3 /app/framework/web/CWebApplication.php(282): CController->run('')
#4 /app/framework/web/CWebApplication.php(141): CWebApplication->runController('signup/')
#5 /app/framework/base/CApplication.php(169): CWebApplication->processRequest()
#6 /app/email/index.php(13): CApplication->run()
#7 {main}
REQUEST_URI=/index.php?r=signup/
---
2013/07/09 20:12:03 [error] [exception.CHttpException.400] exception 'CHttpException' with message 'Your request is invalid.' in /app/framework/web/CController.php:336
Stack trace:
#0 /app/framework/web/CController.php(309): CController->invalidActionParams(Object(CInlineAction))
#1 /app/framework/web/CController.php(286): CController->runAction(Object(CInlineAction))
#2 /app/framework/web/CController.php(265): CController->runActionWithFilters(Object(CInlineAction), Array)
#3 /app/framework/web/CWebApplication.php(282): CController->run('')
#4 /app/framework/web/CWebApplication.php(141): CWebApplication->runController('signup/')
#5 /app/framework/base/CApplication.php(169): CWebApplication->processRequest()
#6 /app/email/index.php(13): CApplication->run()
#7 {main}
REQUEST_URI=/index.php?r=signup/
---
2013/07/09 20:12:03 [error] [exception.CHttpException.400] exception 'CHttpException' with message 'Your request is invalid.' in /app/framework/web/CController.php:336
Stack trace:
#0 /app/framework/web/CController.php(309): CController->invalidActionParams(Object(CInlineAction))
#1 /app/framework/web/CController.php(286): CController->runAction(Object(CInlineAction))
#2 /app/framework/web/CController.php(265): CController->runActionWithFilters(Object(CInlineAction), Array)
#3 /app/framework/web/CWebApplication.php(282): CController->run('')
#4 /app/framework/web/CWebApplication.php(141): CWebApplication->runController('signup/')
#5 /app/framework/base/CApplication.php(169): CWebApplication->processRequest()
#6 /app/email/index.php(13): CApplication->run()
#7 {main}
REQUEST_URI=/index.php?r=signup/
---
2013/07/09 20:12:10 [error] [exception.CHttpException.400] exception 'CHttpException' with message 'Your request is invalid.' in /app/framework/web/CController.php:336
Stack trace:
#0 /app/framework/web/CController.php(309): CController->invalidActionParams(Object(CInlineAction))
#1 /app/framework/web/CController.php(286): CController->runAction(Object(CInlineAction))
#2 /app/framework/web/CController.php(265): CController->runActionWithFilters(Object(CInlineAction), Array)
#3 /app/framework/web/CWebApplication.php(282): CController->run('')
#4 /app/framework/web/CWebApplication.php(141): CWebApplication->runController('signup/')
#5 /app/framework/base/CApplication.php(169): CWebApplication->processRequest()
#6 /app/email/index.php(13): CApplication->run()
#7 {main}
REQUEST_URI=/index.php?r=signup/
---
2013/07/09 20:12:11 [error] [exception.CHttpException.400] exception 'CHttpException' with message 'Your request is invalid.' in /app/framework/web/CController.php:336
Stack trace:
#0 /app/framework/web/CController.php(309): CController->invalidActionParams(Object(CInlineAction))
#1 /app/framework/web/CController.php(286): CController->runAction(Object(CInlineAction))
#2 /app/framework/web/CController.php(265): CController->runActionWithFilters(Object(CInlineAction), Array)
#3 /app/framework/web/CWebApplication.php(282): CController->run('')
#4 /app/framework/web/CWebApplication.php(141): CWebApplication->runController('signup/')
#5 /app/framework/base/CApplication.php(169): CWebApplication->processRequest()
#6 /app/email/index.php(13): CApplication->run()
#7 {main}
REQUEST_URI=/index.php?r=signup/
---
2013/07/09 20:12:11 [error] [exception.CHttpException.400] exception 'CHttpException' with message 'Your request is invalid.' in /app/framework/web/CController.php:336
Stack trace:
#0 /app/framework/web/CController.php(309): CController->invalidActionParams(Object(CInlineAction))
#1 /app/framework/web/CController.php(286): CController->runAction(Object(CInlineAction))
#2 /app/framework/web/CController.php(265): CController->runActionWithFilters(Object(CInlineAction), Array)
#3 /app/framework/web/CWebApplication.php(282): CController->run('')
#4 /app/framework/web/CWebApplication.php(141): CWebApplication->runController('signup/')
#5 /app/framework/base/CApplication.php(169): CWebApplication->processRequest()
#6 /app/email/index.php(13): CApplication->run()
#7 {main}
REQUEST_URI=/index.php?r=signup/
---
2013/07/09 20:12:11 [error] [exception.CHttpException.400] exception 'CHttpException' with message 'Your request is invalid.' in /app/framework/web/CController.php:336
Stack trace:
#0 /app/framework/web/CController.php(309): CController->invalidActionParams(Object(CInlineAction))
#1 /app/framework/web/CController.php(286): CController->runAction(Object(CInlineAction))
#2 /app/framework/web/CController.php(265): CController->runActionWithFilters(Object(CInlineAction), Array)
#3 /app/framework/web/CWebApplication.php(282): CController->run('')
#4 /app/framework/web/CWebApplication.php(141): CWebApplication->runController('signup/')
#5 /app/framework/base/CApplication.php(169): CWebApplication->processRequest()
#6 /app/email/index.php(13): CApplication->run()
#7 {main}
REQUEST_URI=/index.php?r=signup/
---
2013/07/09 20:12:40 [error] [exception.CHttpException.400] exception 'CHttpException' with message 'Your request is invalid.' in /app/framework/web/CController.php:336
Stack trace:
#0 /app/framework/web/CController.php(309): CController->invalidActionParams(Object(CInlineAction))
#1 /app/framework/web/CController.php(286): CController->runAction(Object(CInlineAction))
#2 /app/framework/web/CController.php(265): CController->runActionWithFilters(Object(CInlineAction), Array)
#3 /app/framework/web/CWebApplication.php(282): CController->run('')
#4 /app/framework/web/CWebApplication.php(141): CWebApplication->runController('signup/')
#5 /app/framework/base/CApplication.php(169): CWebApplication->processRequest()
#6 /app/email/index.php(13): CApplication->run()
#7 {main}
REQUEST_URI=/index.php?r=signup/
---
2013/07/09 20:12:52 [error] [exception.CHttpException.400] exception 'CHttpException' with message 'Your request is invalid.' in /app/framework/web/CController.php:336
Stack trace:
#0 /app/framework/web/CController.php(309): CController->invalidActionParams(Object(CInlineAction))
#1 /app/framework/web/CController.php(286): CController->runAction(Object(CInlineAction))
#2 /app/framework/web/CController.php(265): CController->runActionWithFilters(Object(CInlineAction), Array)
#3 /app/framework/web/CWebApplication.php(282): CController->run('')
#4 /app/framework/web/CWebApplication.php(141): CWebApplication->runController('signup/')
#5 /app/framework/base/CApplication.php(169): CWebApplication->processRequest()
#6 /app/email/index.php(13): CApplication->run()
#7 {main}
REQUEST_URI=/index.php?r=signup/
---
2013/07/09 20:13:52 [error] [exception.CHttpException.400] exception 'CHttpException' with message 'Your request is invalid.' in /app/framework/web/CController.php:336
Stack trace:
#0 /app/framework/web/CController.php(309): CController->invalidActionParams(Object(CInlineAction))
#1 /app/framework/web/CController.php(286): CController->runAction(Object(CInlineAction))
#2 /app/framework/web/CController.php(265): CController->runActionWithFilters(Object(CInlineAction), Array)
#3 /app/framework/web/CWebApplication.php(282): CController->run('')
#4 /app/framework/web/CWebApplication.php(141): CWebApplication->runController('signup/')
#5 /app/framework/base/CApplication.php(169): CWebApplication->processRequest()
#6 /app/email/index.php(13): CApplication->run()
#7 {main}
REQUEST_URI=/index.php?r=signup/
---
2013/07/09 20:15:36 [error] [exception.CHttpException.400] exception 'CHttpException' with message 'Your request is invalid.' in /app/framework/web/CController.php:336
Stack trace:
#0 /app/framework/web/CController.php(309): CController->invalidActionParams(Object(CInlineAction))
#1 /app/framework/web/CController.php(286): CController->runAction(Object(CInlineAction))
#2 /app/framework/web/CController.php(265): CController->runActionWithFilters(Object(CInlineAction), Array)
#3 /app/framework/web/CWebApplication.php(282): CController->run('')
#4 /app/framework/web/CWebApplication.php(141): CWebApplication->runController('signup/')
#5 /app/framework/base/CApplication.php(169): CWebApplication->processRequest()
#6 /app/email/index.php(13): CApplication->run()
#7 {main}
REQUEST_URI=/index.php?r=signup/
---
2013/07/09 20:15:45 [error] [exception.CHttpException.400] exception 'CHttpException' with message 'Your request is invalid.' in /app/framework/web/CController.php:336
Stack trace:
#0 /app/framework/web/CController.php(309): CController->invalidActionParams(Object(CInlineAction))
#1 /app/framework/web/CController.php(286): CController->runAction(Object(CInlineAction))
#2 /app/framework/web/CController.php(265): CController->runActionWithFilters(Object(CInlineAction), Array)
#3 /app/framework/web/CWebApplication.php(282): CController->run('')
#4 /app/framework/web/CWebApplication.php(141): CWebApplication->runController('signup/')
#5 /app/framework/base/CApplication.php(169): CWebApplication->processRequest()
#6 /app/email/index.php(13): CApplication->run()
#7 {main}
REQUEST_URI=/index.php?r=signup/
---
2013/07/09 20:15:51 [error] [exception.CHttpException.400] exception 'CHttpException' with message 'Your request is invalid.' in /app/framework/web/CController.php:336
Stack trace:
#0 /app/framework/web/CController.php(309): CController->invalidActionParams(Object(CInlineAction))
#1 /app/framework/web/CController.php(286): CController->runAction(Object(CInlineAction))
#2 /app/framework/web/CController.php(265): CController->runActionWithFilters(Object(CInlineAction), Array)
#3 /app/framework/web/CWebApplication.php(282): CController->run('')
#4 /app/framework/web/CWebApplication.php(141): CWebApplication->runController('signup/')
#5 /app/framework/base/CApplication.php(169): CWebApplication->processRequest()
#6 /app/email/index.php(13): CApplication->run()
#7 {main}
REQUEST_URI=/index.php?r=signup/
---
2013/07/09 20:28:27 [error] [exception.CHttpException.400] exception 'CHttpException' with message 'Your request is invalid.' in /app/framework/web/CController.php:336
Stack trace:
#0 /app/framework/web/CController.php(309): CController->invalidActionParams(Object(CInlineAction))
#1 /app/framework/web/CController.php(286): CController->runAction(Object(CInlineAction))
#2 /app/framework/web/CController.php(265): CController->runActionWithFilters(Object(CInlineAction), Array)
#3 /app/framework/web/CWebApplication.php(282): CController->run('')
#4 /app/framework/web/CWebApplication.php(141): CWebApplication->runController('signup/')
#5 /app/framework/base/CApplication.php(169): CWebApplication->processRequest()
#6 /app/email/index.php(13): CApplication->run()
#7 {main}
REQUEST_URI=/index.php?r=signup/
---
2013/07/09 20:28:48 [error] [exception.CHttpException.400] exception 'CHttpException' with message 'Your request is invalid.' in /app/framework/web/CController.php:336
Stack trace:
#0 /app/framework/web/CController.php(309): CController->invalidActionParams(Object(CInlineAction))
#1 /app/framework/web/CController.php(286): CController->runAction(Object(CInlineAction))
#2 /app/framework/web/CController.php(265): CController->runActionWithFilters(Object(CInlineAction), Array)
#3 /app/framework/web/CWebApplication.php(282): CController->run('')
#4 /app/framework/web/CWebApplication.php(141): CWebApplication->runController('signup/')
#5 /app/framework/base/CApplication.php(169): CWebApplication->processRequest()
#6 /app/email/index.php(13): CApplication->run()
#7 {main}
REQUEST_URI=/index.php?r=signup/
---
2013/07/09 20:32:02 [error] [exception.CHttpException.400] exception 'CHttpException' with message 'Your request is invalid.' in /app/framework/web/CController.php:336
Stack trace:
#0 /app/framework/web/CController.php(309): CController->invalidActionParams(Object(CInlineAction))
#1 /app/framework/web/CController.php(286): CController->runAction(Object(CInlineAction))
#2 /app/framework/web/CController.php(265): CController->runActionWithFilters(Object(CInlineAction), Array)
#3 /app/framework/web/CWebApplication.php(282): CController->run('')
#4 /app/framework/web/CWebApplication.php(141): CWebApplication->runController('signup/')
#5 /app/framework/base/CApplication.php(169): CWebApplication->processRequest()
#6 /app/email/index.php(13): CApplication->run()
#7 {main}
REQUEST_URI=/index.php?r=signup/
---
2013/07/09 20:35:36 [error] [exception.CHttpException.404] exception 'CHttpException' with message 'The system is unable to find the requested action "ch".' in /app/framework/web/CController.php:483
Stack trace:
#0 /app/framework/web/CController.php(270): CController->missingAction('ch')
#1 /app/framework/web/CWebApplication.php(282): CController->run('ch')
#2 /app/framework/web/CWebApplication.php(141): CWebApplication->runController('signup/ch/s')
#3 /app/framework/base/CApplication.php(169): CWebApplication->processRequest()
#4 /app/email/index.php(13): CApplication->run()
#5 {main}
REQUEST_URI=/index.php?r=signup/ch/s
---
2013/07/09 20:44:03 [error] [exception.CHttpException.400] exception 'CHttpException' with message 'Your request is invalid.' in /app/framework/web/CController.php:336
Stack trace:
#0 /app/framework/web/CController.php(309): CController->invalidActionParams(Object(CInlineAction))
#1 /app/framework/web/CController.php(286): CController->runAction(Object(CInlineAction))
#2 /app/framework/web/CController.php(265): CController->runActionWithFilters(Object(CInlineAction), Array)
#3 /app/framework/web/CWebApplication.php(282): CController->run('index')
#4 /app/framework/web/CWebApplication.php(141): CWebApplication->runController('signup/index')
#5 /app/framework/base/CApplication.php(169): CWebApplication->processRequest()
#6 /app/email/index.php(13): CApplication->run()
#7 {main}
REQUEST_URI=/index.php?r=signup/index
---
2013/07/09 20:50:06 [error] [php] Trying to get property of non-object (/app/email/protected/controllers/SignupController.php:15)
Stack trace:
#0 /app/framework/web/actions/CInlineAction.php(47): CInlineAction->runWithParamsInternal()
#1 /app/framework/web/CController.php(308): CInlineAction->runWithParams()
#2 /app/framework/web/CController.php(286): SignupController->runAction()
#3 /app/framework/web/CController.php(265): SignupController->runActionWithFilters()
#4 /app/framework/web/CWebApplication.php(282): SignupController->run()
#5 /app/framework/web/CWebApplication.php(141): CWebApplication->runController()
#6 /app/framework/base/CApplication.php(169): CWebApplication->processRequest()
#7 /app/email/index.php(13): CWebApplication->run()
REQUEST_URI=/index.php?r=signup/index/ch
in /app/email/protected/controllers/SignupController.php (15)
in /app/email/index.php (13)
2013/07/09 20:51:44 [error] [exception.CHttpException.500] exception 'CHttpException' with message 'Invalid access' in /app/email/protected/controllers/SignupController.php:17
Stack trace:
#0 [internal function]: SignupController->actionIndex('')
#1 /app/framework/web/actions/CAction.php(108): ReflectionMethod->invokeArgs(Object(SignupController), Array)
#2 /app/framework/web/actions/CInlineAction.php(47): CAction->runWithParamsInternal(Object(SignupController), Object(ReflectionMethod), Array)
#3 /app/framework/web/CController.php(308): CInlineAction->runWithParams(Array)
#4 /app/framework/web/CController.php(286): CController->runAction(Object(CInlineAction))
#5 /app/framework/web/CController.php(265): CController->runActionWithFilters(Object(CInlineAction), Array)
#6 /app/framework/web/CWebApplication.php(282): CController->run('index')
#7 /app/framework/web/CWebApplication.php(141): CWebApplication->runController('signup/index/ch')
#8 /app/framework/base/CApplication.php(169): CWebApplication->processRequest()
#9 /app/email/index.php(13): CApplication->run()
#10 {main}
REQUEST_URI=/index.php?r=signup/index/ch
---
2013/07/09 21:02:18 [error] [exception.CException] exception 'CException' with message 'Property "InterestedClients.name" is not defined.' in /app/framework/base/CComponent.php:130
Stack trace:
#0 /app/framework/db/ar/CActiveRecord.php(143): CComponent->__get('name')
#1 /app/framework/web/helpers/CHtml.php(2255): CActiveRecord->__get('name')
#2 /app/framework/web/helpers/CHtml.php(1980): CHtml::resolveValue(Object(InterestedClients), 'name')
#3 /app/framework/web/helpers/CHtml.php(1257): CHtml::activeInputField('text', Object(InterestedClients), 'name', Array)
#4 /app/framework/web/widgets/CActiveForm.php(657): CHtml::activeTextField(Object(InterestedClients), 'name', Array)
#5 /app/email/protected/extensions/bootstrap/widgets/input/TbInputVertical.php(142): CActiveForm->textField(Object(InterestedClients), 'name', Array)
#6 /app/email/protected/extensions/bootstrap/widgets/input/TbInput.php(230): TbInputVertical->textField()
#7 /app/framework/web/CBaseController.php(173): TbInput->run()
#8 /app/email/protected/extensions/bootstrap/widgets/TbActiveForm.php(497): CBaseController->widget('bootstrap.widge...', Array)
#9 /app/email/protected/extensions/bootstrap/widgets/TbActiveForm.php(186): TbActiveForm->inputRow('text', Object(InterestedClients), 'name', NULL, Array)
#10 /app/email/protected/views/signup/_form_interest.php(10): TbActiveForm->textFieldRow(Object(InterestedClients), 'name', Array)
#11 /app/framework/web/CBaseController.php(126): require('/app/email/prot...')
#12 /app/framework/web/CBaseController.php(95): CBaseController->renderInternal('/app/email/prot...', Array, true)
#13 /app/framework/web/CController.php(869): CBaseController->renderFile('/app/email/prot...', Array, true)
#14 /app/email/protected/views/signup/index_interest.php(2): CController->renderPartial('_form_interest', Array)
#15 /app/framework/web/CBaseController.php(126): require('/app/email/prot...')
#16 /app/framework/web/CBaseController.php(95): CBaseController->renderInternal('/app/email/prot...', Array, true)
#17 /app/framework/web/CController.php(869): CBaseController->renderFile('/app/email/prot...', Array, true)
#18 /app/framework/web/CController.php(782): CController->renderPartial('index_interest', Array, true)
#19 /app/email/protected/controllers/SignupController.php(112): CController->render('index_interest', Array)
#20 /app/framework/web/actions/CInlineAction.php(49): SignupController->actionInterest()
#21 /app/framework/web/CController.php(308): CInlineAction->runWithParams(Array)
#22 /app/framework/web/CController.php(286): CController->runAction(Object(CInlineAction))
#23 /app/framework/web/CController.php(265): CController->runActionWithFilters(Object(CInlineAction), Array)
#24 /app/framework/web/CWebApplication.php(282): CController->run('interest')
#25 /app/framework/web/CWebApplication.php(141): CWebApplication->runController('signup/interest')
#26 /app/framework/base/CApplication.php(169): CWebApplication->processRequest()
#27 /app/email/index.php(13): CApplication->run()
#28 {main}
REQUEST_URI=/index.php?r=signup/interest
HTTP_REFERER=http://mailmax/index.php
---
2013/07/09 21:02:22 [error] [exception.CException] exception 'CException' with message 'Property "InterestedClients.name" is not defined.' in /app/framework/base/CComponent.php:173
Stack trace:
#0 /app/framework/db/ar/CActiveRecord.php(159): CComponent->__set('name', '')
#1 /app/framework/base/CModel.php(471): CActiveRecord->__set('name', '')
#2 /app/framework/base/CComponent.php(152): CModel->setAttributes(Array)
#3 /app/framework/db/ar/CActiveRecord.php(159): CComponent->__set('attributes', Array)
#4 /app/framework/web/widgets/CActiveForm.php(834): CActiveRecord->__set('attributes', Array)
#5 /app/email/protected/controllers/SignupController.php(118): CActiveForm::validate(Object(InterestedClients))
#6 /app/email/protected/controllers/SignupController.php(77): SignupController->performAjaxValidation(Object(InterestedClients))
#7 /app/framework/web/actions/CInlineAction.php(49): SignupController->actionInterest()
#8 /app/framework/web/CController.php(308): CInlineAction->runWithParams(Array)
#9 /app/framework/web/CController.php(286): CController->runAction(Object(CInlineAction))
#10 /app/framework/web/CController.php(265): CController->runActionWithFilters(Object(CInlineAction), Array)
#11 /app/framework/web/CWebApplication.php(282): CController->run('interest')
#12 /app/framework/web/CWebApplication.php(141): CWebApplication->runController('signup/interest')
#13 /app/framework/base/CApplication.php(169): CWebApplication->processRequest()
#14 /app/email/index.php(13): CApplication->run()
#15 {main}
REQUEST_URI=/index.php?r=signup/interest
HTTP_REFERER=http://mailmax/index.php
---
2013/07/09 21:04:53 [error] [exception.CException] exception 'CException' with message 'Property "InterestedClients.mobile" is not defined.' in /app/framework/base/CComponent.php:130
Stack trace:
#0 /app/framework/db/ar/CActiveRecord.php(143): CComponent->__get('mobile')
#1 /app/framework/web/helpers/CHtml.php(2255): CActiveRecord->__get('mobile')
#2 /app/framework/web/helpers/CHtml.php(1980): CHtml::resolveValue(Object(InterestedClients), 'mobile')
#3 /app/framework/web/helpers/CHtml.php(1257): CHtml::activeInputField('text', Object(InterestedClients), 'mobile', Array)
#4 /app/framework/web/widgets/CActiveForm.php(657): CHtml::activeTextField(Object(InterestedClients), 'mobile', Array)
#5 /app/email/protected/extensions/bootstrap/widgets/input/TbInputVertical.php(142): CActiveForm->textField(Object(InterestedClients), 'mobile', Array)
#6 /app/email/protected/extensions/bootstrap/widgets/input/TbInput.php(230): TbInputVertical->textField()
#7 /app/framework/web/CBaseController.php(173): TbInput->run()
#8 /app/email/protected/extensions/bootstrap/widgets/TbActiveForm.php(497): CBaseController->widget('bootstrap.widge...', Array)
#9 /app/email/protected/extensions/bootstrap/widgets/TbActiveForm.php(186): TbActiveForm->inputRow('text', Object(InterestedClients), 'mobile', NULL, Array)
#10 /app/email/protected/views/signup/_form_interest.php(13): TbActiveForm->textFieldRow(Object(InterestedClients), 'mobile', Array)
#11 /app/framework/web/CBaseController.php(126): require('/app/email/prot...')
#12 /app/framework/web/CBaseController.php(95): CBaseController->renderInternal('/app/email/prot...', Array, true)
#13 /app/framework/web/CController.php(869): CBaseController->renderFile('/app/email/prot...', Array, true)
#14 /app/email/protected/views/signup/index_interest.php(2): CController->renderPartial('_form_interest', Array)
#15 /app/framework/web/CBaseController.php(126): require('/app/email/prot...')
#16 /app/framework/web/CBaseController.php(95): CBaseController->renderInternal('/app/email/prot...', Array, true)
#17 /app/framework/web/CController.php(869): CBaseController->renderFile('/app/email/prot...', Array, true)
#18 /app/framework/web/CController.php(782): CController->renderPartial('index_interest', Array, true)
#19 /app/email/protected/controllers/SignupController.php(112): CController->render('index_interest', Array)
#20 /app/framework/web/actions/CInlineAction.php(49): SignupController->actionInterest()
#21 /app/framework/web/CController.php(308): CInlineAction->runWithParams(Array)
#22 /app/framework/web/CController.php(286): CController->runAction(Object(CInlineAction))
#23 /app/framework/web/CController.php(265): CController->runActionWithFilters(Object(CInlineAction), Array)
#24 /app/framework/web/CWebApplication.php(282): CController->run('interest')
#25 /app/framework/web/CWebApplication.php(141): CWebApplication->runController('signup/interest')
#26 /app/framework/base/CApplication.php(169): CWebApplication->processRequest()
#27 /app/email/index.php(13): CApplication->run()
#28 {main}
REQUEST_URI=/index.php?r=signup/interest
HTTP_REFERER=http://mailmax/index.php
---
2013/07/09 21:05:05 [error] [exception.CException] exception 'CException' with message 'Property "InterestedClients.mobile" is not defined.' in /app/framework/base/CComponent.php:130
Stack trace:
#0 /app/framework/db/ar/CActiveRecord.php(143): CComponent->__get('mobile')
#1 /app/framework/web/helpers/CHtml.php(2255): CActiveRecord->__get('mobile')
#2 /app/framework/web/helpers/CHtml.php(1980): CHtml::resolveValue(Object(InterestedClients), 'mobile')
#3 /app/framework/web/helpers/CHtml.php(1257): CHtml::activeInputField('text', Object(InterestedClients), 'mobile', Array)
#4 /app/framework/web/widgets/CActiveForm.php(657): CHtml::activeTextField(Object(InterestedClients), 'mobile', Array)
#5 /app/email/protected/extensions/bootstrap/widgets/input/TbInputVertical.php(142): CActiveForm->textField(Object(InterestedClients), 'mobile', Array)
#6 /app/email/protected/extensions/bootstrap/widgets/input/TbInput.php(230): TbInputVertical->textField()
#7 /app/framework/web/CBaseController.php(173): TbInput->run()
#8 /app/email/protected/extensions/bootstrap/widgets/TbActiveForm.php(497): CBaseController->widget('bootstrap.widge...', Array)
#9 /app/email/protected/extensions/bootstrap/widgets/TbActiveForm.php(186): TbActiveForm->inputRow('text', Object(InterestedClients), 'mobile', NULL, Array)
#10 /app/email/protected/views/signup/_form_interest.php(13): TbActiveForm->textFieldRow(Object(InterestedClients), 'mobile', Array)
#11 /app/framework/web/CBaseController.php(126): require('/app/email/prot...')
#12 /app/framework/web/CBaseController.php(95): CBaseController->renderInternal('/app/email/prot...', Array, true)
#13 /app/framework/web/CController.php(869): CBaseController->renderFile('/app/email/prot...', Array, true)
#14 /app/email/protected/views/signup/index_interest.php(2): CController->renderPartial('_form_interest', Array)
#15 /app/framework/web/CBaseController.php(126): require('/app/email/prot...')
#16 /app/framework/web/CBaseController.php(95): CBaseController->renderInternal('/app/email/prot...', Array, true)
#17 /app/framework/web/CController.php(869): CBaseController->renderFile('/app/email/prot...', Array, true)
#18 /app/framework/web/CController.php(782): CController->renderPartial('index_interest', Array, true)
#19 /app/email/protected/controllers/SignupController.php(112): CController->render('index_interest', Array)
#20 /app/framework/web/actions/CInlineAction.php(49): SignupController->actionInterest()
#21 /app/framework/web/CController.php(308): CInlineAction->runWithParams(Array)
#22 /app/framework/web/CController.php(286): CController->runAction(Object(CInlineAction))
#23 /app/framework/web/CController.php(265): CController->runActionWithFilters(Object(CInlineAction), Array)
#24 /app/framework/web/CWebApplication.php(282): CController->run('interest')
#25 /app/framework/web/CWebApplication.php(141): CWebApplication->runController('signup/interest')
#26 /app/framework/base/CApplication.php(169): CWebApplication->processRequest()
#27 /app/email/index.php(13): CApplication->run()
#28 {main}
REQUEST_URI=/index.php?r=signup/interest
---
2013/07/09 21:08:45 [error] [exception.CException] exception 'CException' with message 'Property "InterestedClients.mobile" is not defined.' in /app/framework/base/CComponent.php:130
Stack trace:
#0 /app/framework/db/ar/CActiveRecord.php(143): CComponent->__get('mobile')
#1 /app/framework/validators/CStringValidator.php(79): CActiveRecord->__get('mobile')
#2 /app/framework/validators/CValidator.php(213): CStringValidator->validateAttribute(Object(InterestedClients), 'mobile')
#3 /app/framework/base/CModel.php(159): CValidator->validate(Object(InterestedClients), NULL)
#4 /app/framework/web/widgets/CActiveForm.php(835): CModel->validate(NULL)
#5 /app/email/protected/controllers/SignupController.php(118): CActiveForm::validate(Object(InterestedClients))
#6 /app/email/protected/controllers/SignupController.php(77): SignupController->performAjaxValidation(Object(InterestedClients))
#7 /app/framework/web/actions/CInlineAction.php(49): SignupController->actionInterest()
#8 /app/framework/web/CController.php(308): CInlineAction->runWithParams(Array)
#9 /app/framework/web/CController.php(286): CController->runAction(Object(CInlineAction))
#10 /app/framework/web/CController.php(265): CController->runActionWithFilters(Object(CInlineAction), Array)
#11 /app/framework/web/CWebApplication.php(282): CController->run('interest')
#12 /app/framework/web/CWebApplication.php(141): CWebApplication->runController('signup/interest')
#13 /app/framework/base/CApplication.php(169): CWebApplication->processRequest()
#14 /app/email/index.php(13): CApplication->run()
#15 {main}
REQUEST_URI=/index.php?r=signup/interest
HTTP_REFERER=http://mailmax/index.php
---
2013/07/09 21:08:47 [error] [exception.CException] exception 'CException' with message 'Property "InterestedClients.mobile" is not defined.' in /app/framework/base/CComponent.php:130
Stack trace:
#0 /app/framework/db/ar/CActiveRecord.php(143): CComponent->__get('mobile')
#1 /app/framework/validators/CStringValidator.php(79): CActiveRecord->__get('mobile')
#2 /app/framework/validators/CValidator.php(213): CStringValidator->validateAttribute(Object(InterestedClients), 'mobile')
#3 /app/framework/base/CModel.php(159): CValidator->validate(Object(InterestedClients), NULL)
#4 /app/framework/web/widgets/CActiveForm.php(835): CModel->validate(NULL)
#5 /app/email/protected/controllers/SignupController.php(118): CActiveForm::validate(Object(InterestedClients))
#6 /app/email/protected/controllers/SignupController.php(77): SignupController->performAjaxValidation(Object(InterestedClients))
#7 /app/framework/web/actions/CInlineAction.php(49): SignupController->actionInterest()
#8 /app/framework/web/CController.php(308): CInlineAction->runWithParams(Array)
#9 /app/framework/web/CController.php(286): CController->runAction(Object(CInlineAction))
#10 /app/framework/web/CController.php(265): CController->runActionWithFilters(Object(CInlineAction), Array)
#11 /app/framework/web/CWebApplication.php(282): CController->run('interest')
#12 /app/framework/web/CWebApplication.php(141): CWebApplication->runController('signup/interest')
#13 /app/framework/base/CApplication.php(169): CWebApplication->processRequest()
#14 /app/email/index.php(13): CApplication->run()
#15 {main}
REQUEST_URI=/index.php?r=signup/interest
HTTP_REFERER=http://mailmax/index.php
---
2013/07/09 21:08:48 [error] [exception.CException] exception 'CException' with message 'Property "InterestedClients.mobile" is not defined.' in /app/framework/base/CComponent.php:130
Stack trace:
#0 /app/framework/db/ar/CActiveRecord.php(143): CComponent->__get('mobile')
#1 /app/framework/validators/CStringValidator.php(79): CActiveRecord->__get('mobile')
#2 /app/framework/validators/CValidator.php(213): CStringValidator->validateAttribute(Object(InterestedClients), 'mobile')
#3 /app/framework/base/CModel.php(159): CValidator->validate(Object(InterestedClients), NULL)
#4 /app/framework/web/widgets/CActiveForm.php(835): CModel->validate(NULL)
#5 /app/email/protected/controllers/SignupController.php(118): CActiveForm::validate(Object(InterestedClients))
#6 /app/email/protected/controllers/SignupController.php(77): SignupController->performAjaxValidation(Object(InterestedClients))
#7 /app/framework/web/actions/CInlineAction.php(49): SignupController->actionInterest()
#8 /app/framework/web/CController.php(308): CInlineAction->runWithParams(Array)
#9 /app/framework/web/CController.php(286): CController->runAction(Object(CInlineAction))
#10 /app/framework/web/CController.php(265): CController->runActionWithFilters(Object(CInlineAction), Array)
#11 /app/framework/web/CWebApplication.php(282): CController->run('interest')
#12 /app/framework/web/CWebApplication.php(141): CWebApplication->runController('signup/interest')
#13 /app/framework/base/CApplication.php(169): CWebApplication->processRequest()
#14 /app/email/index.php(13): CApplication->run()
#15 {main}
REQUEST_URI=/index.php?r=signup/interest
HTTP_REFERER=http://mailmax/index.php
---
2013/07/09 21:08:50 [error] [exception.CException] exception 'CException' with message 'Property "InterestedClients.mobile" is not defined.' in /app/framework/base/CComponent.php:130
Stack trace:
#0 /app/framework/db/ar/CActiveRecord.php(143): CComponent->__get('mobile')
#1 /app/framework/validators/CStringValidator.php(79): CActiveRecord->__get('mobile')
#2 /app/framework/validators/CValidator.php(213): CStringValidator->validateAttribute(Object(InterestedClients), 'mobile')
#3 /app/framework/base/CModel.php(159): CValidator->validate(Object(InterestedClients), NULL)
#4 /app/email/protected/controllers/SignupController.php(82): CModel->validate()
#5 /app/framework/web/actions/CInlineAction.php(49): SignupController->actionInterest()
#6 /app/framework/web/CController.php(308): CInlineAction->runWithParams(Array)
#7 /app/framework/web/CController.php(286): CController->runAction(Object(CInlineAction))
#8 /app/framework/web/CController.php(265): CController->runActionWithFilters(Object(CInlineAction), Array)
#9 /app/framework/web/CWebApplication.php(282): CController->run('interest')
#10 /app/framework/web/CWebApplication.php(141): CWebApplication->runController('signup/interest')
#11 /app/framework/base/CApplication.php(169): CWebApplication->processRequest()
#12 /app/email/index.php(13): CApplication->run()
#13 {main}
REQUEST_URI=/index.php?r=signup/interest
HTTP_REFERER=http://mailmax/index.php
---
2013/07/09 21:08:54 [error] [exception.CException] exception 'CException' with message 'Property "InterestedClients.mobile" is not defined.' in /app/framework/base/CComponent.php:130
Stack trace:
#0 /app/framework/db/ar/CActiveRecord.php(143): CComponent->__get('mobile')
#1 /app/framework/validators/CStringValidator.php(79): CActiveRecord->__get('mobile')
#2 /app/framework/validators/CValidator.php(213): CStringValidator->validateAttribute(Object(InterestedClients), 'mobile')
#3 /app/framework/base/CModel.php(159): CValidator->validate(Object(InterestedClients), NULL)
#4 /app/email/protected/controllers/SignupController.php(82): CModel->validate()
#5 /app/framework/web/actions/CInlineAction.php(49): SignupController->actionInterest()
#6 /app/framework/web/CController.php(308): CInlineAction->runWithParams(Array)
#7 /app/framework/web/CController.php(286): CController->runAction(Object(CInlineAction))
#8 /app/framework/web/CController.php(265): CController->runActionWithFilters(Object(CInlineAction), Array)
#9 /app/framework/web/CWebApplication.php(282): CController->run('interest')
#10 /app/framework/web/CWebApplication.php(141): CWebApplication->runController('signup/interest')
#11 /app/framework/base/CApplication.php(169): CWebApplication->processRequest()
#12 /app/email/index.php(13): CApplication->run()
#13 {main}
REQUEST_URI=/index.php?r=signup/interest
HTTP_REFERER=http://mailmax/index.php
---
2013/07/09 21:10:07 [error] [exception.CException] exception 'CException' with message 'Property "InterestedClients.mobile" is not defined.' in /app/framework/base/CComponent.php:130
Stack trace:
#0 /app/framework/db/ar/CActiveRecord.php(143): CComponent->__get('mobile')
#1 /app/framework/validators/CStringValidator.php(79): CActiveRecord->__get('mobile')
#2 /app/framework/validators/CValidator.php(213): CStringValidator->validateAttribute(Object(InterestedClients), 'mobile')
#3 /app/framework/base/CModel.php(159): CValidator->validate(Object(InterestedClients), NULL)
#4 /app/framework/web/widgets/CActiveForm.php(835): CModel->validate(NULL)
#5 /app/email/protected/controllers/SignupController.php(118): CActiveForm::validate(Object(InterestedClients))
#6 /app/email/protected/controllers/SignupController.php(77): SignupController->performAjaxValidation(Object(InterestedClients))
#7 /app/framework/web/actions/CInlineAction.php(49): SignupController->actionInterest()
#8 /app/framework/web/CController.php(308): CInlineAction->runWithParams(Array)
#9 /app/framework/web/CController.php(286): CController->runAction(Object(CInlineAction))
#10 /app/framework/web/CController.php(265): CController->runActionWithFilters(Object(CInlineAction), Array)
#11 /app/framework/web/CWebApplication.php(282): CController->run('interest')
#12 /app/framework/web/CWebApplication.php(141): CWebApplication->runController('signup/interest')
#13 /app/framework/base/CApplication.php(169): CWebApplication->processRequest()
#14 /app/email/index.php(13): CApplication->run()
#15 {main}
REQUEST_URI=/index.php?r=signup/interest
HTTP_REFERER=http://mailmax/index.php
---
2013/07/09 21:10:08 [error] [exception.CException] exception 'CException' with message 'Property "InterestedClients.mobile" is not defined.' in /app/framework/base/CComponent.php:130
Stack trace:
#0 /app/framework/db/ar/CActiveRecord.php(143): CComponent->__get('mobile')
#1 /app/framework/validators/CStringValidator.php(79): CActiveRecord->__get('mobile')
#2 /app/framework/validators/CValidator.php(213): CStringValidator->validateAttribute(Object(InterestedClients), 'mobile')
#3 /app/framework/base/CModel.php(159): CValidator->validate(Object(InterestedClients), NULL)
#4 /app/framework/web/widgets/CActiveForm.php(835): CModel->validate(NULL)
#5 /app/email/protected/controllers/SignupController.php(118): CActiveForm::validate(Object(InterestedClients))
#6 /app/email/protected/controllers/SignupController.php(77): SignupController->performAjaxValidation(Object(InterestedClients))
#7 /app/framework/web/actions/CInlineAction.php(49): SignupController->actionInterest()
#8 /app/framework/web/CController.php(308): CInlineAction->runWithParams(Array)
#9 /app/framework/web/CController.php(286): CController->runAction(Object(CInlineAction))
#10 /app/framework/web/CController.php(265): CController->runActionWithFilters(Object(CInlineAction), Array)
#11 /app/framework/web/CWebApplication.php(282): CController->run('interest')
#12 /app/framework/web/CWebApplication.php(141): CWebApplication->runController('signup/interest')
#13 /app/framework/base/CApplication.php(169): CWebApplication->processRequest()
#14 /app/email/index.php(13): CApplication->run()
#15 {main}
REQUEST_URI=/index.php?r=signup/interest
HTTP_REFERER=http://mailmax/index.php
---
2013/07/09 21:10:10 [error] [exception.CException] exception 'CException' with message 'Property "InterestedClients.mobile" is not defined.' in /app/framework/base/CComponent.php:130
Stack trace:
#0 /app/framework/db/ar/CActiveRecord.php(143): CComponent->__get('mobile')
#1 /app/framework/validators/CStringValidator.php(79): CActiveRecord->__get('mobile')
#2 /app/framework/validators/CValidator.php(213): CStringValidator->validateAttribute(Object(InterestedClients), 'mobile')
#3 /app/framework/base/CModel.php(159): CValidator->validate(Object(InterestedClients), NULL)
#4 /app/framework/web/widgets/CActiveForm.php(835): CModel->validate(NULL)
#5 /app/email/protected/controllers/SignupController.php(118): CActiveForm::validate(Object(InterestedClients))
#6 /app/email/protected/controllers/SignupController.php(77): SignupController->performAjaxValidation(Object(InterestedClients))
#7 /app/framework/web/actions/CInlineAction.php(49): SignupController->actionInterest()
#8 /app/framework/web/CController.php(308): CInlineAction->runWithParams(Array)
#9 /app/framework/web/CController.php(286): CController->runAction(Object(CInlineAction))
#10 /app/framework/web/CController.php(265): CController->runActionWithFilters(Object(CInlineAction), Array)
#11 /app/framework/web/CWebApplication.php(282): CController->run('interest')
#12 /app/framework/web/CWebApplication.php(141): CWebApplication->runController('signup/interest')
#13 /app/framework/base/CApplication.php(169): CWebApplication->processRequest()
#14 /app/email/index.php(13): CApplication->run()
#15 {main}
REQUEST_URI=/index.php?r=signup/interest
HTTP_REFERER=http://mailmax/index.php
---
2013/07/09 21:10:11 [error] [exception.CException] exception 'CException' with message 'Property "InterestedClients.mobile" is not defined.' in /app/framework/base/CComponent.php:130
Stack trace:
#0 /app/framework/db/ar/CActiveRecord.php(143): CComponent->__get('mobile')
#1 /app/framework/validators/CStringValidator.php(79): CActiveRecord->__get('mobile')
#2 /app/framework/validators/CValidator.php(213): CStringValidator->validateAttribute(Object(InterestedClients), 'mobile')
#3 /app/framework/base/CModel.php(159): CValidator->validate(Object(InterestedClients), NULL)
#4 /app/email/protected/controllers/SignupController.php(82): CModel->validate()
#5 /app/framework/web/actions/CInlineAction.php(49): SignupController->actionInterest()
#6 /app/framework/web/CController.php(308): CInlineAction->runWithParams(Array)
#7 /app/framework/web/CController.php(286): CController->runAction(Object(CInlineAction))
#8 /app/framework/web/CController.php(265): CController->runActionWithFilters(Object(CInlineAction), Array)
#9 /app/framework/web/CWebApplication.php(282): CController->run('interest')
#10 /app/framework/web/CWebApplication.php(141): CWebApplication->runController('signup/interest')
#11 /app/framework/base/CApplication.php(169): CWebApplication->processRequest()
#12 /app/email/index.php(13): CApplication->run()
#13 {main}
REQUEST_URI=/index.php?r=signup/interest
HTTP_REFERER=http://mailmax/index.php
---
2013/07/09 21:10:11 [error] [exception.CException] exception 'CException' with message 'Property "InterestedClients.mobile" is not defined.' in /app/framework/base/CComponent.php:130
Stack trace:
#0 /app/framework/db/ar/CActiveRecord.php(143): CComponent->__get('mobile')
#1 /app/framework/validators/CStringValidator.php(79): CActiveRecord->__get('mobile')
#2 /app/framework/validators/CValidator.php(213): CStringValidator->validateAttribute(Object(InterestedClients), 'mobile')
#3 /app/framework/base/CModel.php(159): CValidator->validate(Object(InterestedClients), NULL)
#4 /app/email/protected/controllers/SignupController.php(82): CModel->validate()
#5 /app/framework/web/actions/CInlineAction.php(49): SignupController->actionInterest()
#6 /app/framework/web/CController.php(308): CInlineAction->runWithParams(Array)
#7 /app/framework/web/CController.php(286): CController->runAction(Object(CInlineAction))
#8 /app/framework/web/CController.php(265): CController->runActionWithFilters(Object(CInlineAction), Array)
#9 /app/framework/web/CWebApplication.php(282): CController->run('interest')
#10 /app/framework/web/CWebApplication.php(141): CWebApplication->runController('signup/interest')
#11 /app/framework/base/CApplication.php(169): CWebApplication->processRequest()
#12 /app/email/index.php(13): CApplication->run()
#13 {main}
REQUEST_URI=/index.php?r=signup/interest
HTTP_REFERER=http://mailmax/index.php
---
2013/07/09 21:10:14 [error] [exception.CException] exception 'CException' with message 'Property "InterestedClients.mobile" is not defined.' in /app/framework/base/CComponent.php:130
Stack trace:
#0 /app/framework/db/ar/CActiveRecord.php(143): CComponent->__get('mobile')
#1 /app/framework/validators/CStringValidator.php(79): CActiveRecord->__get('mobile')
#2 /app/framework/validators/CValidator.php(213): CStringValidator->validateAttribute(Object(InterestedClients), 'mobile')
#3 /app/framework/base/CModel.php(159): CValidator->validate(Object(InterestedClients), NULL)
#4 /app/email/protected/controllers/SignupController.php(82): CModel->validate()
#5 /app/framework/web/actions/CInlineAction.php(49): SignupController->actionInterest()
#6 /app/framework/web/CController.php(308): CInlineAction->runWithParams(Array)
#7 /app/framework/web/CController.php(286): CController->runAction(Object(CInlineAction))
#8 /app/framework/web/CController.php(265): CController->runActionWithFilters(Object(CInlineAction), Array)
#9 /app/framework/web/CWebApplication.php(282): CController->run('interest')
#10 /app/framework/web/CWebApplication.php(141): CWebApplication->runController('signup/interest')
#11 /app/framework/base/CApplication.php(169): CWebApplication->processRequest()
#12 /app/email/index.php(13): CApplication->run()
#13 {main}
REQUEST_URI=/index.php?r=signup/interest
HTTP_REFERER=http://mailmax/index.php
---
2013/07/09 21:10:14 [error] [exception.CException] exception 'CException' with message 'Property "InterestedClients.mobile" is not defined.' in /app/framework/base/CComponent.php:130
Stack trace:
#0 /app/framework/db/ar/CActiveRecord.php(143): CComponent->__get('mobile')
#1 /app/framework/validators/CStringValidator.php(79): CActiveRecord->__get('mobile')
#2 /app/framework/validators/CValidator.php(213): CStringValidator->validateAttribute(Object(InterestedClients), 'mobile')
#3 /app/framework/base/CModel.php(159): CValidator->validate(Object(InterestedClients), NULL)
#4 /app/email/protected/controllers/SignupController.php(82): CModel->validate()
#5 /app/framework/web/actions/CInlineAction.php(49): SignupController->actionInterest()
#6 /app/framework/web/CController.php(308): CInlineAction->runWithParams(Array)
#7 /app/framework/web/CController.php(286): CController->runAction(Object(CInlineAction))
#8 /app/framework/web/CController.php(265): CController->runActionWithFilters(Object(CInlineAction), Array)
#9 /app/framework/web/CWebApplication.php(282): CController->run('interest')
#10 /app/framework/web/CWebApplication.php(141): CWebApplication->runController('signup/interest')
#11 /app/framework/base/CApplication.php(169): CWebApplication->processRequest()
#12 /app/email/index.php(13): CApplication->run()
#13 {main}
REQUEST_URI=/index.php?r=signup/interest
HTTP_REFERER=http://mailmax/index.php
---
2013/07/09 21:10:14 [error] [exception.CException] exception 'CException' with message 'Property "InterestedClients.mobile" is not defined.' in /app/framework/base/CComponent.php:130
Stack trace:
#0 /app/framework/db/ar/CActiveRecord.php(143): CComponent->__get('mobile')
#1 /app/framework/validators/CStringValidator.php(79): CActiveRecord->__get('mobile')
#2 /app/framework/validators/CValidator.php(213): CStringValidator->validateAttribute(Object(InterestedClients), 'mobile')
#3 /app/framework/base/CModel.php(159): CValidator->validate(Object(InterestedClients), NULL)
#4 /app/email/protected/controllers/SignupController.php(82): CModel->validate()
#5 /app/framework/web/actions/CInlineAction.php(49): SignupController->actionInterest()
#6 /app/framework/web/CController.php(308): CInlineAction->runWithParams(Array)
#7 /app/framework/web/CController.php(286): CController->runAction(Object(CInlineAction))
#8 /app/framework/web/CController.php(265): CController->runActionWithFilters(Object(CInlineAction), Array)
#9 /app/framework/web/CWebApplication.php(282): CController->run('interest')
#10 /app/framework/web/CWebApplication.php(141): CWebApplication->runController('signup/interest')
#11 /app/framework/base/CApplication.php(169): CWebApplication->processRequest()
#12 /app/email/index.php(13): CApplication->run()
#13 {main}
REQUEST_URI=/index.php?r=signup/interest
HTTP_REFERER=http://mailmax/index.php
---
2013/07/09 21:10:14 [error] [exception.CException] exception 'CException' with message 'Property "InterestedClients.mobile" is not defined.' in /app/framework/base/CComponent.php:130
Stack trace:
#0 /app/framework/db/ar/CActiveRecord.php(143): CComponent->__get('mobile')
#1 /app/framework/validators/CStringValidator.php(79): CActiveRecord->__get('mobile')
#2 /app/framework/validators/CValidator.php(213): CStringValidator->validateAttribute(Object(InterestedClients), 'mobile')
#3 /app/framework/base/CModel.php(159): CValidator->validate(Object(InterestedClients), NULL)
#4 /app/email/protected/controllers/SignupController.php(82): CModel->validate()
#5 /app/framework/web/actions/CInlineAction.php(49): SignupController->actionInterest()
#6 /app/framework/web/CController.php(308): CInlineAction->runWithParams(Array)
#7 /app/framework/web/CController.php(286): CController->runAction(Object(CInlineAction))
#8 /app/framework/web/CController.php(265): CController->runActionWithFilters(Object(CInlineAction), Array)
#9 /app/framework/web/CWebApplication.php(282): CController->run('interest')
#10 /app/framework/web/CWebApplication.php(141): CWebApplication->runController('signup/interest')
#11 /app/framework/base/CApplication.php(169): CWebApplication->processRequest()
#12 /app/email/index.php(13): CApplication->run()
#13 {main}
REQUEST_URI=/index.php?r=signup/interest
HTTP_REFERER=http://mailmax/index.php
---
2013/07/09 21:10:15 [error] [exception.CException] exception 'CException' with message 'Property "InterestedClients.mobile" is not defined.' in /app/framework/base/CComponent.php:130
Stack trace:
#0 /app/framework/db/ar/CActiveRecord.php(143): CComponent->__get('mobile')
#1 /app/framework/validators/CStringValidator.php(79): CActiveRecord->__get('mobile')
#2 /app/framework/validators/CValidator.php(213): CStringValidator->validateAttribute(Object(InterestedClients), 'mobile')
#3 /app/framework/base/CModel.php(159): CValidator->validate(Object(InterestedClients), NULL)
#4 /app/email/protected/controllers/SignupController.php(82): CModel->validate()
#5 /app/framework/web/actions/CInlineAction.php(49): SignupController->actionInterest()
#6 /app/framework/web/CController.php(308): CInlineAction->runWithParams(Array)
#7 /app/framework/web/CController.php(286): CController->runAction(Object(CInlineAction))
#8 /app/framework/web/CController.php(265): CController->runActionWithFilters(Object(CInlineAction), Array)
#9 /app/framework/web/CWebApplication.php(282): CController->run('interest')
#10 /app/framework/web/CWebApplication.php(141): CWebApplication->runController('signup/interest')
#11 /app/framework/base/CApplication.php(169): CWebApplication->processRequest()
#12 /app/email/index.php(13): CApplication->run()
#13 {main}
REQUEST_URI=/index.php?r=signup/interest
HTTP_REFERER=http://mailmax/index.php
---
2013/07/09 21:10:15 [error] [exception.CException] exception 'CException' with message 'Property "InterestedClients.mobile" is not defined.' in /app/framework/base/CComponent.php:130
Stack trace:
#0 /app/framework/db/ar/CActiveRecord.php(143): CComponent->__get('mobile')
#1 /app/framework/validators/CStringValidator.php(79): CActiveRecord->__get('mobile')
#2 /app/framework/validators/CValidator.php(213): CStringValidator->validateAttribute(Object(InterestedClients), 'mobile')
#3 /app/framework/base/CModel.php(159): CValidator->validate(Object(InterestedClients), NULL)
#4 /app/email/protected/controllers/SignupController.php(82): CModel->validate()
#5 /app/framework/web/actions/CInlineAction.php(49): SignupController->actionInterest()
#6 /app/framework/web/CController.php(308): CInlineAction->runWithParams(Array)
#7 /app/framework/web/CController.php(286): CController->runAction(Object(CInlineAction))
#8 /app/framework/web/CController.php(265): CController->runActionWithFilters(Object(CInlineAction), Array)
#9 /app/framework/web/CWebApplication.php(282): CController->run('interest')
#10 /app/framework/web/CWebApplication.php(141): CWebApplication->runController('signup/interest')
#11 /app/framework/base/CApplication.php(169): CWebApplication->processRequest()
#12 /app/email/index.php(13): CApplication->run()
#13 {main}
REQUEST_URI=/index.php?r=signup/interest
HTTP_REFERER=http://mailmax/index.php
---
2013/07/09 21:10:15 [error] [exception.CException] exception 'CException' with message 'Property "InterestedClients.mobile" is not defined.' in /app/framework/base/CComponent.php:130
Stack trace:
#0 /app/framework/db/ar/CActiveRecord.php(143): CComponent->__get('mobile')
#1 /app/framework/validators/CStringValidator.php(79): CActiveRecord->__get('mobile')
#2 /app/framework/validators/CValidator.php(213): CStringValidator->validateAttribute(Object(InterestedClients), 'mobile')
#3 /app/framework/base/CModel.php(159): CValidator->validate(Object(InterestedClients), NULL)
#4 /app/email/protected/controllers/SignupController.php(82): CModel->validate()
#5 /app/framework/web/actions/CInlineAction.php(49): SignupController->actionInterest()
#6 /app/framework/web/CController.php(308): CInlineAction->runWithParams(Array)
#7 /app/framework/web/CController.php(286): CController->runAction(Object(CInlineAction))
#8 /app/framework/web/CController.php(265): CController->runActionWithFilters(Object(CInlineAction), Array)
#9 /app/framework/web/CWebApplication.php(282): CController->run('interest')
#10 /app/framework/web/CWebApplication.php(141): CWebApplication->runController('signup/interest')
#11 /app/framework/base/CApplication.php(169): CWebApplication->processRequest()
#12 /app/email/index.php(13): CApplication->run()
#13 {main}
REQUEST_URI=/index.php?r=signup/interest
HTTP_REFERER=http://mailmax/index.php
---
2013/07/09 21:10:15 [error] [exception.CException] exception 'CException' with message 'Property "InterestedClients.mobile" is not defined.' in /app/framework/base/CComponent.php:130
Stack trace:
#0 /app/framework/db/ar/CActiveRecord.php(143): CComponent->__get('mobile')
#1 /app/framework/validators/CStringValidator.php(79): CActiveRecord->__get('mobile')
#2 /app/framework/validators/CValidator.php(213): CStringValidator->validateAttribute(Object(InterestedClients), 'mobile')
#3 /app/framework/base/CModel.php(159): CValidator->validate(Object(InterestedClients), NULL)
#4 /app/email/protected/controllers/SignupController.php(82): CModel->validate()
#5 /app/framework/web/actions/CInlineAction.php(49): SignupController->actionInterest()
#6 /app/framework/web/CController.php(308): CInlineAction->runWithParams(Array)
#7 /app/framework/web/CController.php(286): CController->runAction(Object(CInlineAction))
#8 /app/framework/web/CController.php(265): CController->runActionWithFilters(Object(CInlineAction), Array)
#9 /app/framework/web/CWebApplication.php(282): CController->run('interest')
#10 /app/framework/web/CWebApplication.php(141): CWebApplication->runController('signup/interest')
#11 /app/framework/base/CApplication.php(169): CWebApplication->processRequest()
#12 /app/email/index.php(13): CApplication->run()
#13 {main}
REQUEST_URI=/index.php?r=signup/interest
HTTP_REFERER=http://mailmax/index.php
---
2013/07/09 21:10:15 [error] [exception.CException] exception 'CException' with message 'Property "InterestedClients.mobile" is not defined.' in /app/framework/base/CComponent.php:130
Stack trace:
#0 /app/framework/db/ar/CActiveRecord.php(143): CComponent->__get('mobile')
#1 /app/framework/validators/CStringValidator.php(79): CActiveRecord->__get('mobile')
#2 /app/framework/validators/CValidator.php(213): CStringValidator->validateAttribute(Object(InterestedClients), 'mobile')
#3 /app/framework/base/CModel.php(159): CValidator->validate(Object(InterestedClients), NULL)
#4 /app/email/protected/controllers/SignupController.php(82): CModel->validate()
#5 /app/framework/web/actions/CInlineAction.php(49): SignupController->actionInterest()
#6 /app/framework/web/CController.php(308): CInlineAction->runWithParams(Array)
#7 /app/framework/web/CController.php(286): CController->runAction(Object(CInlineAction))
#8 /app/framework/web/CController.php(265): CController->runActionWithFilters(Object(CInlineAction), Array)
#9 /app/framework/web/CWebApplication.php(282): CController->run('interest')
#10 /app/framework/web/CWebApplication.php(141): CWebApplication->runController('signup/interest')
#11 /app/framework/base/CApplication.php(169): CWebApplication->processRequest()
#12 /app/email/index.php(13): CApplication->run()
#13 {main}
REQUEST_URI=/index.php?r=signup/interest
HTTP_REFERER=http://mailmax/index.php
---
2013/07/09 21:10:15 [error] [exception.CException] exception 'CException' with message 'Property "InterestedClients.mobile" is not defined.' in /app/framework/base/CComponent.php:130
Stack trace:
#0 /app/framework/db/ar/CActiveRecord.php(143): CComponent->__get('mobile')
#1 /app/framework/validators/CStringValidator.php(79): CActiveRecord->__get('mobile')
#2 /app/framework/validators/CValidator.php(213): CStringValidator->validateAttribute(Object(InterestedClients), 'mobile')
#3 /app/framework/base/CModel.php(159): CValidator->validate(Object(InterestedClients), NULL)
#4 /app/email/protected/controllers/SignupController.php(82): CModel->validate()
#5 /app/framework/web/actions/CInlineAction.php(49): SignupController->actionInterest()
#6 /app/framework/web/CController.php(308): CInlineAction->runWithParams(Array)
#7 /app/framework/web/CController.php(286): CController->runAction(Object(CInlineAction))
#8 /app/framework/web/CController.php(265): CController->runActionWithFilters(Object(CInlineAction), Array)
#9 /app/framework/web/CWebApplication.php(282): CController->run('interest')
#10 /app/framework/web/CWebApplication.php(141): CWebApplication->runController('signup/interest')
#11 /app/framework/base/CApplication.php(169): CWebApplication->processRequest()
#12 /app/email/index.php(13): CApplication->run()
#13 {main}
REQUEST_URI=/index.php?r=signup/interest
HTTP_REFERER=http://mailmax/index.php
---
2013/07/09 21:10:16 [error] [exception.CException] exception 'CException' with message 'Property "InterestedClients.mobile" is not defined.' in /app/framework/base/CComponent.php:130
Stack trace:
#0 /app/framework/db/ar/CActiveRecord.php(143): CComponent->__get('mobile')
#1 /app/framework/validators/CStringValidator.php(79): CActiveRecord->__get('mobile')
#2 /app/framework/validators/CValidator.php(213): CStringValidator->validateAttribute(Object(InterestedClients), 'mobile')
#3 /app/framework/base/CModel.php(159): CValidator->validate(Object(InterestedClients), NULL)
#4 /app/email/protected/controllers/SignupController.php(82): CModel->validate()
#5 /app/framework/web/actions/CInlineAction.php(49): SignupController->actionInterest()
#6 /app/framework/web/CController.php(308): CInlineAction->runWithParams(Array)
#7 /app/framework/web/CController.php(286): CController->runAction(Object(CInlineAction))
#8 /app/framework/web/CController.php(265): CController->runActionWithFilters(Object(CInlineAction), Array)
#9 /app/framework/web/CWebApplication.php(282): CController->run('interest')
#10 /app/framework/web/CWebApplication.php(141): CWebApplication->runController('signup/interest')
#11 /app/framework/base/CApplication.php(169): CWebApplication->processRequest()
#12 /app/email/index.php(13): CApplication->run()
#13 {main}
REQUEST_URI=/index.php?r=signup/interest
HTTP_REFERER=http://mailmax/index.php
---
2013/07/09 21:10:16 [error] [exception.CException] exception 'CException' with message 'Property "InterestedClients.mobile" is not defined.' in /app/framework/base/CComponent.php:130
Stack trace:
#0 /app/framework/db/ar/CActiveRecord.php(143): CComponent->__get('mobile')
#1 /app/framework/validators/CStringValidator.php(79): CActiveRecord->__get('mobile')
#2 /app/framework/validators/CValidator.php(213): CStringValidator->validateAttribute(Object(InterestedClients), 'mobile')
#3 /app/framework/base/CModel.php(159): CValidator->validate(Object(InterestedClients), NULL)
#4 /app/email/protected/controllers/SignupController.php(82): CModel->validate()
#5 /app/framework/web/actions/CInlineAction.php(49): SignupController->actionInterest()
#6 /app/framework/web/CController.php(308): CInlineAction->runWithParams(Array)
#7 /app/framework/web/CController.php(286): CController->runAction(Object(CInlineAction))
#8 /app/framework/web/CController.php(265): CController->runActionWithFilters(Object(CInlineAction), Array)
#9 /app/framework/web/CWebApplication.php(282): CController->run('interest')
#10 /app/framework/web/CWebApplication.php(141): CWebApplication->runController('signup/interest')
#11 /app/framework/base/CApplication.php(169): CWebApplication->processRequest()
#12 /app/email/index.php(13): CApplication->run()
#13 {main}
REQUEST_URI=/index.php?r=signup/interest
HTTP_REFERER=http://mailmax/index.php
---
2013/07/09 21:10:31 [error] [exception.CException] exception 'CException' with message 'Property "InterestedClients.mobile" is not defined.' in /app/framework/base/CComponent.php:130
Stack trace:
#0 /app/framework/db/ar/CActiveRecord.php(143): CComponent->__get('mobile')
#1 /app/framework/validators/CStringValidator.php(79): CActiveRecord->__get('mobile')
#2 /app/framework/validators/CValidator.php(213): CStringValidator->validateAttribute(Object(InterestedClients), 'mobile')
#3 /app/framework/base/CModel.php(159): CValidator->validate(Object(InterestedClients), NULL)
#4 /app/email/protected/controllers/SignupController.php(82): CModel->validate()
#5 /app/framework/web/actions/CInlineAction.php(49): SignupController->actionInterest()
#6 /app/framework/web/CController.php(308): CInlineAction->runWithParams(Array)
#7 /app/framework/web/CController.php(286): CController->runAction(Object(CInlineAction))
#8 /app/framework/web/CController.php(265): CController->runActionWithFilters(Object(CInlineAction), Array)
#9 /app/framework/web/CWebApplication.php(282): CController->run('interest')
#10 /app/framework/web/CWebApplication.php(141): CWebApplication->runController('signup/interest')
#11 /app/framework/base/CApplication.php(169): CWebApplication->processRequest()
#12 /app/email/index.php(13): CApplication->run()
#13 {main}
REQUEST_URI=/index.php?r=signup/interest
HTTP_REFERER=http://mailmax/index.php
---
2013/07/09 21:10:31 [error] [exception.CException] exception 'CException' with message 'Property "InterestedClients.mobile" is not defined.' in /app/framework/base/CComponent.php:130
Stack trace:
#0 /app/framework/db/ar/CActiveRecord.php(143): CComponent->__get('mobile')
#1 /app/framework/validators/CStringValidator.php(79): CActiveRecord->__get('mobile')
#2 /app/framework/validators/CValidator.php(213): CStringValidator->validateAttribute(Object(InterestedClients), 'mobile')
#3 /app/framework/base/CModel.php(159): CValidator->validate(Object(InterestedClients), NULL)
#4 /app/email/protected/controllers/SignupController.php(82): CModel->validate()
#5 /app/framework/web/actions/CInlineAction.php(49): SignupController->actionInterest()
#6 /app/framework/web/CController.php(308): CInlineAction->runWithParams(Array)
#7 /app/framework/web/CController.php(286): CController->runAction(Object(CInlineAction))
#8 /app/framework/web/CController.php(265): CController->runActionWithFilters(Object(CInlineAction), Array)
#9 /app/framework/web/CWebApplication.php(282): CController->run('interest')
#10 /app/framework/web/CWebApplication.php(141): CWebApplication->runController('signup/interest')
#11 /app/framework/base/CApplication.php(169): CWebApplication->processRequest()
#12 /app/email/index.php(13): CApplication->run()
#13 {main}
REQUEST_URI=/index.php?r=signup/interest
HTTP_REFERER=http://mailmax/index.php
---
2013/07/09 21:13:18 [error] [exception.CException] exception 'CException' with message 'Property "InterestedClients.name" is not defined.' in /app/framework/base/CComponent.php:130
Stack trace:
#0 /app/framework/db/ar/CActiveRecord.php(143): CComponent->__get('name')
#1 /app/email/protected/views/mail/emailSignupInterest.php(2): CActiveRecord->__get('name')
#2 /app/framework/web/CBaseController.php(126): require('/app/email/prot...')
#3 /app/email/protected/extensions/yii-mail/YiiMailMessage.php(145): CBaseController->renderInternal('/app/email/prot...', Array, true)
#4 /app/email/protected/controllers/SignupController.php(91): YiiMailMessage->setBody(Array, 'text/html')
#5 /app/framework/web/actions/CInlineAction.php(49): SignupController->actionInterest()
#6 /app/framework/web/CController.php(308): CInlineAction->runWithParams(Array)
#7 /app/framework/web/CController.php(286): CController->runAction(Object(CInlineAction))
#8 /app/framework/web/CController.php(265): CController->runActionWithFilters(Object(CInlineAction), Array)
#9 /app/framework/web/CWebApplication.php(282): CController->run('interest')
#10 /app/framework/web/CWebApplication.php(141): CWebApplication->runController('signup/interest')
#11 /app/framework/base/CApplication.php(169): CWebApplication->processRequest()
#12 /app/email/index.php(13): CApplication->run()
#13 {main}
REQUEST_URI=/index.php?r=signup/interest
HTTP_REFERER=http://mailmax/index.php
---
2013/07/09 21:13:18 [error] [exception.CException] exception 'CException' with message 'Property "InterestedClients.name" is not defined.' in /app/framework/base/CComponent.php:130
Stack trace:
#0 /app/framework/db/ar/CActiveRecord.php(143): CComponent->__get('name')
#1 /app/email/protected/views/mail/emailSignupInterest.php(2): CActiveRecord->__get('name')
#2 /app/framework/web/CBaseController.php(126): require('/app/email/prot...')
#3 /app/email/protected/extensions/yii-mail/YiiMailMessage.php(145): CBaseController->renderInternal('/app/email/prot...', Array, true)
#4 /app/email/protected/controllers/SignupController.php(91): YiiMailMessage->setBody(Array, 'text/html')
#5 /app/framework/web/actions/CInlineAction.php(49): SignupController->actionInterest()
#6 /app/framework/web/CController.php(308): CInlineAction->runWithParams(Array)
#7 /app/framework/web/CController.php(286): CController->runAction(Object(CInlineAction))
#8 /app/framework/web/CController.php(265): CController->runActionWithFilters(Object(CInlineAction), Array)
#9 /app/framework/web/CWebApplication.php(282): CController->run('interest')
#10 /app/framework/web/CWebApplication.php(141): CWebApplication->runController('signup/interest')
#11 /app/framework/base/CApplication.php(169): CWebApplication->processRequest()
#12 /app/email/index.php(13): CApplication->run()
#13 {main}
REQUEST_URI=/index.php?r=signup/interest
HTTP_REFERER=http://mailmax/index.php
---
2013/07/09 21:13:19 [error] [exception.CException] exception 'CException' with message 'Property "InterestedClients.name" is not defined.' in /app/framework/base/CComponent.php:130
Stack trace:
#0 /app/framework/db/ar/CActiveRecord.php(143): CComponent->__get('name')
#1 /app/email/protected/views/mail/emailSignupInterest.php(2): CActiveRecord->__get('name')
#2 /app/framework/web/CBaseController.php(126): require('/app/email/prot...')
#3 /app/email/protected/extensions/yii-mail/YiiMailMessage.php(145): CBaseController->renderInternal('/app/email/prot...', Array, true)
#4 /app/email/protected/controllers/SignupController.php(91): YiiMailMessage->setBody(Array, 'text/html')
#5 /app/framework/web/actions/CInlineAction.php(49): SignupController->actionInterest()
#6 /app/framework/web/CController.php(308): CInlineAction->runWithParams(Array)
#7 /app/framework/web/CController.php(286): CController->runAction(Object(CInlineAction))
#8 /app/framework/web/CController.php(265): CController->runActionWithFilters(Object(CInlineAction), Array)
#9 /app/framework/web/CWebApplication.php(282): CController->run('interest')
#10 /app/framework/web/CWebApplication.php(141): CWebApplication->runController('signup/interest')
#11 /app/framework/base/CApplication.php(169): CWebApplication->processRequest()
#12 /app/email/index.php(13): CApplication->run()
#13 {main}
REQUEST_URI=/index.php?r=signup/interest
HTTP_REFERER=http://mailmax/index.php
---
2013/07/09 21:13:40 [error] [exception.CException] exception 'CException' with message 'Property "InterestedClients.name" is not defined.' in /app/framework/base/CComponent.php:130
Stack trace:
#0 /app/framework/db/ar/CActiveRecord.php(143): CComponent->__get('name')
#1 /app/email/protected/views/mail/emailSignupInterest.php(2): CActiveRecord->__get('name')
#2 /app/framework/web/CBaseController.php(126): require('/app/email/prot...')
#3 /app/email/protected/extensions/yii-mail/YiiMailMessage.php(145): CBaseController->renderInternal('/app/email/prot...', Array, true)
#4 /app/email/protected/controllers/SignupController.php(91): YiiMailMessage->setBody(Array, 'text/html')
#5 /app/framework/web/actions/CInlineAction.php(49): SignupController->actionInterest()
#6 /app/framework/web/CController.php(308): CInlineAction->runWithParams(Array)
#7 /app/framework/web/CController.php(286): CController->runAction(Object(CInlineAction))
#8 /app/framework/web/CController.php(265): CController->runActionWithFilters(Object(CInlineAction), Array)
#9 /app/framework/web/CWebApplication.php(282): CController->run('interest')
#10 /app/framework/web/CWebApplication.php(141): CWebApplication->runController('signup/interest')
#11 /app/framework/base/CApplication.php(169): CWebApplication->processRequest()
#12 /app/email/index.php(13): CApplication->run()
#13 {main}
REQUEST_URI=/index.php?r=signup/interest
HTTP_REFERER=http://mailmax/index.php?r=signup/interest
---
2013/07/09 21:14:31 [error] [exception.CException] exception 'CException' with message 'Property "InterestedClients.name" is not defined.' in /app/framework/base/CComponent.php:130
Stack trace:
#0 /app/framework/db/ar/CActiveRecord.php(143): CComponent->__get('name')
#1 /app/email/protected/views/mail/emailSignupInterest.php(2): CActiveRecord->__get('name')
#2 /app/framework/web/CBaseController.php(126): require('/app/email/prot...')
#3 /app/email/protected/extensions/yii-mail/YiiMailMessage.php(145): CBaseController->renderInternal('/app/email/prot...', Array, true)
#4 /app/email/protected/controllers/SignupController.php(91): YiiMailMessage->setBody(Array, 'text/html')
#5 /app/framework/web/actions/CInlineAction.php(49): SignupController->actionInterest()
#6 /app/framework/web/CController.php(308): CInlineAction->runWithParams(Array)
#7 /app/framework/web/CController.php(286): CController->runAction(Object(CInlineAction))
#8 /app/framework/web/CController.php(265): CController->runActionWithFilters(Object(CInlineAction), Array)
#9 /app/framework/web/CWebApplication.php(282): CController->run('interest')
#10 /app/framework/web/CWebApplication.php(141): CWebApplication->runController('signup/interest')
#11 /app/framework/base/CApplication.php(169): CWebApplication->processRequest()
#12 /app/email/index.php(13): CApplication->run()
#13 {main}
REQUEST_URI=/index.php?r=signup/interest
HTTP_REFERER=http://mailmax/index.php?r=signup/interest
---
2013/07/09 21:14:32 [error] [exception.CException] exception 'CException' with message 'Property "InterestedClients.name" is not defined.' in /app/framework/base/CComponent.php:130
Stack trace:
#0 /app/framework/db/ar/CActiveRecord.php(143): CComponent->__get('name')
#1 /app/email/protected/views/mail/emailSignupInterest.php(2): CActiveRecord->__get('name')
#2 /app/framework/web/CBaseController.php(126): require('/app/email/prot...')
#3 /app/email/protected/extensions/yii-mail/YiiMailMessage.php(145): CBaseController->renderInternal('/app/email/prot...', Array, true)
#4 /app/email/protected/controllers/SignupController.php(91): YiiMailMessage->setBody(Array, 'text/html')
#5 /app/framework/web/actions/CInlineAction.php(49): SignupController->actionInterest()
#6 /app/framework/web/CController.php(308): CInlineAction->runWithParams(Array)
#7 /app/framework/web/CController.php(286): CController->runAction(Object(CInlineAction))
#8 /app/framework/web/CController.php(265): CController->runActionWithFilters(Object(CInlineAction), Array)
#9 /app/framework/web/CWebApplication.php(282): CController->run('interest')
#10 /app/framework/web/CWebApplication.php(141): CWebApplication->runController('signup/interest')
#11 /app/framework/base/CApplication.php(169): CWebApplication->processRequest()
#12 /app/email/index.php(13): CApplication->run()
#13 {main}
REQUEST_URI=/index.php?r=signup/interest
HTTP_REFERER=http://mailmax/index.php?r=signup/interest
---
2013/07/09 21:14:33 [error] [exception.CException] exception 'CException' with message 'Property "InterestedClients.name" is not defined.' in /app/framework/base/CComponent.php:130
Stack trace:
#0 /app/framework/db/ar/CActiveRecord.php(143): CComponent->__get('name')
#1 /app/email/protected/views/mail/emailSignupInterest.php(2): CActiveRecord->__get('name')
#2 /app/framework/web/CBaseController.php(126): require('/app/email/prot...')
#3 /app/email/protected/extensions/yii-mail/YiiMailMessage.php(145): CBaseController->renderInternal('/app/email/prot...', Array, true)
#4 /app/email/protected/controllers/SignupController.php(91): YiiMailMessage->setBody(Array, 'text/html')
#5 /app/framework/web/actions/CInlineAction.php(49): SignupController->actionInterest()
#6 /app/framework/web/CController.php(308): CInlineAction->runWithParams(Array)
#7 /app/framework/web/CController.php(286): CController->runAction(Object(CInlineAction))
#8 /app/framework/web/CController.php(265): CController->runActionWithFilters(Object(CInlineAction), Array)
#9 /app/framework/web/CWebApplication.php(282): CController->run('interest')
#10 /app/framework/web/CWebApplication.php(141): CWebApplication->runController('signup/interest')
#11 /app/framework/base/CApplication.php(169): CWebApplication->processRequest()
#12 /app/email/index.php(13): CApplication->run()
#13 {main}
REQUEST_URI=/index.php?r=signup/interest
HTTP_REFERER=http://mailmax/index.php?r=signup/interest
---
2013/07/09 21:14:34 [error] [exception.CException] exception 'CException' with message 'Property "InterestedClients.name" is not defined.' in /app/framework/base/CComponent.php:130
Stack trace:
#0 /app/framework/db/ar/CActiveRecord.php(143): CComponent->__get('name')
#1 /app/email/protected/views/mail/emailSignupInterest.php(2): CActiveRecord->__get('name')
#2 /app/framework/web/CBaseController.php(126): require('/app/email/prot...')
#3 /app/email/protected/extensions/yii-mail/YiiMailMessage.php(145): CBaseController->renderInternal('/app/email/prot...', Array, true)
#4 /app/email/protected/controllers/SignupController.php(91): YiiMailMessage->setBody(Array, 'text/html')
#5 /app/framework/web/actions/CInlineAction.php(49): SignupController->actionInterest()
#6 /app/framework/web/CController.php(308): CInlineAction->runWithParams(Array)
#7 /app/framework/web/CController.php(286): CController->runAction(Object(CInlineAction))
#8 /app/framework/web/CController.php(265): CController->runActionWithFilters(Object(CInlineAction), Array)
#9 /app/framework/web/CWebApplication.php(282): CController->run('interest')
#10 /app/framework/web/CWebApplication.php(141): CWebApplication->runController('signup/interest')
#11 /app/framework/base/CApplication.php(169): CWebApplication->processRequest()
#12 /app/email/index.php(13): CApplication->run()
#13 {main}
REQUEST_URI=/index.php?r=signup/interest
HTTP_REFERER=http://mailmax/index.php?r=signup/interest
---
2013/07/09 21:15:58 [error] [exception.CException] exception 'CException' with message 'Property "InterestedClients.name" is not defined.' in /app/framework/base/CComponent.php:130
Stack trace:
#0 /app/framework/db/ar/CActiveRecord.php(143): CComponent->__get('name')
#1 /app/email/protected/views/mail/emailSignupInterest.php(2): CActiveRecord->__get('name')
#2 /app/framework/web/CBaseController.php(126): require('/app/email/prot...')
#3 /app/email/protected/extensions/yii-mail/YiiMailMessage.php(145): CBaseController->renderInternal('/app/email/prot...', Array, true)
#4 /app/email/protected/controllers/SignupController.php(91): YiiMailMessage->setBody(Array, 'text/html')
#5 /app/framework/web/actions/CInlineAction.php(49): SignupController->actionInterest()
#6 /app/framework/web/CController.php(308): CInlineAction->runWithParams(Array)
#7 /app/framework/web/CController.php(286): CController->runAction(Object(CInlineAction))
#8 /app/framework/web/CController.php(265): CController->runActionWithFilters(Object(CInlineAction), Array)
#9 /app/framework/web/CWebApplication.php(282): CController->run('interest')
#10 /app/framework/web/CWebApplication.php(141): CWebApplication->runController('signup/interest')
#11 /app/framework/base/CApplication.php(169): CWebApplication->processRequest()
#12 /app/email/index.php(13): CApplication->run()
#13 {main}
REQUEST_URI=/index.php?r=signup/interest
HTTP_REFERER=http://mailmax/index.php?r=signup/interest
---
2013/07/09 21:17:06 [error] [exception.CException] exception 'CException' with message 'Property "InterestedClients.name" is not defined.' in /app/framework/base/CComponent.php:130
Stack trace:
#0 /app/framework/db/ar/CActiveRecord.php(143): CComponent->__get('name')
#1 /app/email/protected/views/mail/emailSignupInterest.php(2): CActiveRecord->__get('name')
#2 /app/framework/web/CBaseController.php(126): require('/app/email/prot...')
#3 /app/email/protected/extensions/yii-mail/YiiMailMessage.php(145): CBaseController->renderInternal('/app/email/prot...', Array, true)
#4 /app/email/protected/controllers/SignupController.php(91): YiiMailMessage->setBody(Array, 'text/html')
#5 /app/framework/web/actions/CInlineAction.php(49): SignupController->actionInterest()
#6 /app/framework/web/CController.php(308): CInlineAction->runWithParams(Array)
#7 /app/framework/web/CController.php(286): CController->runAction(Object(CInlineAction))
#8 /app/framework/web/CController.php(265): CController->runActionWithFilters(Object(CInlineAction), Array)
#9 /app/framework/web/CWebApplication.php(282): CController->run('interest')
#10 /app/framework/web/CWebApplication.php(141): CWebApplication->runController('signup/interest')
#11 /app/framework/base/CApplication.php(169): CWebApplication->processRequest()
#12 /app/email/index.php(13): CApplication->run()
#13 {main}
REQUEST_URI=/index.php?r=signup/interest
HTTP_REFERER=http://mailmax/index.php?r=signup/interest
---
2013/07/09 21:17:28 [error] [exception.CException] exception 'CException' with message 'Property "InterestedClients.name" is not defined.' in /app/framework/base/CComponent.php:130
Stack trace:
#0 /app/framework/db/ar/CActiveRecord.php(143): CComponent->__get('name')
#1 /app/email/protected/views/mail/emailSignupInterest.php(2): CActiveRecord->__get('name')
#2 /app/framework/web/CBaseController.php(126): require('/app/email/prot...')
#3 /app/email/protected/extensions/yii-mail/YiiMailMessage.php(145): CBaseController->renderInternal('/app/email/prot...', Array, true)
#4 /app/email/protected/controllers/SignupController.php(91): YiiMailMessage->setBody(Array, 'text/html')
#5 /app/framework/web/actions/CInlineAction.php(49): SignupController->actionInterest()
#6 /app/framework/web/CController.php(308): CInlineAction->runWithParams(Array)
#7 /app/framework/web/CController.php(286): CController->runAction(Object(CInlineAction))
#8 /app/framework/web/CController.php(265): CController->runActionWithFilters(Object(CInlineAction), Array)
#9 /app/framework/web/CWebApplication.php(282): CController->run('interest')
#10 /app/framework/web/CWebApplication.php(141): CWebApplication->runController('signup/interest')
#11 /app/framework/base/CApplication.php(169): CWebApplication->processRequest()
#12 /app/email/index.php(13): CApplication->run()
#13 {main}
REQUEST_URI=/index.php?r=signup/interest
HTTP_REFERER=http://mailmax/index.php?r=signup/interest
---
2013/07/09 21:18:01 [error] [exception.CException] exception 'CException' with message 'Property "InterestedClients.name" is not defined.' in /app/framework/base/CComponent.php:130
Stack trace:
#0 /app/framework/db/ar/CActiveRecord.php(143): CComponent->__get('name')
#1 /app/email/protected/views/mail/emailSignupInterest.php(2): CActiveRecord->__get('name')
#2 /app/framework/web/CBaseController.php(126): require('/app/email/prot...')
#3 /app/email/protected/extensions/yii-mail/YiiMailMessage.php(145): CBaseController->renderInternal('/app/email/prot...', Array, true)
#4 /app/email/protected/controllers/SignupController.php(91): YiiMailMessage->setBody(Array, 'text/html')
#5 /app/framework/web/actions/CInlineAction.php(49): SignupController->actionInterest()
#6 /app/framework/web/CController.php(308): CInlineAction->runWithParams(Array)
#7 /app/framework/web/CController.php(286): CController->runAction(Object(CInlineAction))
#8 /app/framework/web/CController.php(265): CController->runActionWithFilters(Object(CInlineAction), Array)
#9 /app/framework/web/CWebApplication.php(282): CController->run('interest')
#10 /app/framework/web/CWebApplication.php(141): CWebApplication->runController('signup/interest')
#11 /app/framework/base/CApplication.php(169): CWebApplication->processRequest()
#12 /app/email/index.php(13): CApplication->run()
#13 {main}
REQUEST_URI=/index.php?r=signup/interest
HTTP_REFERER=http://mailmax/index.php?r=signup/interest
---
2013/07/09 21:18:24 [error] [exception.CException] exception 'CException' with message 'Property "InterestedClients.name" is not defined.' in /app/framework/base/CComponent.php:130
Stack trace:
#0 /app/framework/db/ar/CActiveRecord.php(143): CComponent->__get('name')
#1 /app/email/protected/views/mail/emailSignupInterest.php(2): CActiveRecord->__get('name')
#2 /app/framework/web/CBaseController.php(126): require('/app/email/prot...')
#3 /app/email/protected/extensions/yii-mail/YiiMailMessage.php(145): CBaseController->renderInternal('/app/email/prot...', Array, true)
#4 /app/email/protected/controllers/SignupController.php(91): YiiMailMessage->setBody(Array, 'text/html')
#5 /app/framework/web/actions/CInlineAction.php(49): SignupController->actionInterest()
#6 /app/framework/web/CController.php(308): CInlineAction->runWithParams(Array)
#7 /app/framework/web/CController.php(286): CController->runAction(Object(CInlineAction))
#8 /app/framework/web/CController.php(265): CController->runActionWithFilters(Object(CInlineAction), Array)
#9 /app/framework/web/CWebApplication.php(282): CController->run('interest')
#10 /app/framework/web/CWebApplication.php(141): CWebApplication->runController('signup/interest')
#11 /app/framework/base/CApplication.php(169): CWebApplication->processRequest()
#12 /app/email/index.php(13): CApplication->run()
#13 {main}
REQUEST_URI=/index.php?r=signup/interest
HTTP_REFERER=http://mailmax/index.php?r=signup/interest
---
2013/07/09 21:19:32 [error] [exception.CException] exception 'CException' with message 'Property "CWebApplication.firstname" is not defined.' in /app/framework/base/CComponent.php:130
Stack trace:
#0 /app/framework/base/CModule.php(105): CComponent->__get('firstname')
#1 /app/email/protected/controllers/SignupController.php(89): CModule->__get('firstname')
#2 /app/framework/web/actions/CInlineAction.php(49): SignupController->actionInterest()
#3 /app/framework/web/CController.php(308): CInlineAction->runWithParams(Array)
#4 /app/framework/web/CController.php(286): CController->runAction(Object(CInlineAction))
#5 /app/framework/web/CController.php(265): CController->runActionWithFilters(Object(CInlineAction), Array)
#6 /app/framework/web/CWebApplication.php(282): CController->run('interest')
#7 /app/framework/web/CWebApplication.php(141): CWebApplication->runController('signup/interest')
#8 /app/framework/base/CApplication.php(169): CWebApplication->processRequest()
#9 /app/email/index.php(13): CApplication->run()
#10 {main}
REQUEST_URI=/index.php?r=signup/interest
HTTP_REFERER=http://mailmax/index.php?r=signup/interest
---
2013/07/09 21:20:27 [error] [exception.CException] exception 'CException' with message 'Property "CWebApplication.firstname" is not defined.' in /app/framework/base/CComponent.php:130
Stack trace:
#0 /app/framework/base/CModule.php(105): CComponent->__get('firstname')
#1 /app/email/protected/controllers/SignupController.php(89): CModule->__get('firstname')
#2 /app/framework/web/actions/CInlineAction.php(49): SignupController->actionInterest()
#3 /app/framework/web/CController.php(308): CInlineAction->runWithParams(Array)
#4 /app/framework/web/CController.php(286): CController->runAction(Object(CInlineAction))
#5 /app/framework/web/CController.php(265): CController->runActionWithFilters(Object(CInlineAction), Array)
#6 /app/framework/web/CWebApplication.php(282): CController->run('interest')
#7 /app/framework/web/CWebApplication.php(141): CWebApplication->runController('signup/interest')
#8 /app/framework/base/CApplication.php(169): CWebApplication->processRequest()
#9 /app/email/index.php(13): CApplication->run()
#10 {main}
REQUEST_URI=/index.php?r=signup/interest
HTTP_REFERER=http://mailmax/index.php?r=signup/interest
---
2013/07/09 21:22:51 [error] [exception.CHttpException.400] exception 'CHttpException' with message 'Your request is invalid.' in /app/framework/web/CController.php:336
Stack trace:
#0 /app/framework/web/CController.php(309): CController->invalidActionParams(Object(CInlineAction))
#1 /app/framework/web/CController.php(286): CController->runAction(Object(CInlineAction))
#2 /app/framework/web/CController.php(265): CController->runActionWithFilters(Object(CInlineAction), Array)
#3 /app/framework/web/CWebApplication.php(282): CController->run('index')
#4 /app/framework/web/CWebApplication.php(141): CWebApplication->runController('signup/index')
#5 /app/framework/base/CApplication.php(169): CWebApplication->processRequest()
#6 /app/email/index.php(13): CApplication->run()
#7 {main}
REQUEST_URI=/index.php?r=signup/index&ac=sirantho20%40gmail.com
---
